11:34:55.185 Running build in Washington, D.C., USA (East) – iad1
11:34:55.186 Build machine configuration: 2 cores, 8 GB
11:34:55.368 Cloning github.com/Jachias21/portfolio_pro (Branch: develop, Commit: aa7aed3)
11:34:55.372 Previous build caches not available.
11:34:55.668 Cloning completed: 299.000ms
11:34:56.310 Running "vercel build"
11:34:56.983 Vercel CLI 50.42.0
11:34:57.345 Installing dependencies...
11:35:08.871 
11:35:08.872 added 364 packages in 11s
11:35:08.872 
11:35:08.872 143 packages are looking for funding
11:35:08.873   run `npm fund` for details
11:35:08.937 Detected Next.js version: 16.1.5
11:35:08.941 Running "npm run build"
11:35:09.049 
11:35:09.049 > portfolio-joan@0.1.0 build
11:35:09.050 > next build
11:35:09.050 
11:35:09.858 Attention: Next.js now collects completely anonymous telemetry regarding usage.
11:35:09.859 This information is used to shape Next.js' roadmap and prioritize features.
11:35:09.859 You can learn more, including how to opt-out if you'd not like to participate in this anonymous program, by visiting the following URL:
11:35:09.859 https://nextjs.org/telemetry
11:35:09.859 
11:35:09.871 ▲ Next.js 16.1.5 (Turbopack)
11:35:09.871 
11:35:09.901   Creating an optimized production build ...
11:35:17.131 ✓ Compiled successfully in 6.7s
11:35:17.135   Running TypeScript ...
11:35:20.683 Failed to compile.
11:35:20.684 
11:35:20.684 ./src/components/sections/Hero.tsx:103:15
11:35:20.685 Type error: Type '{ hidden: { opacity: number; y: number; }; show: (delay?: number) => { opacity: number; y: number; transition: { delay: number; duration: number; ease: number[]; }; }; }' is not assignable to type 'Variants'.
11:35:20.685   Property 'show' is incompatible with index signature.
11:35:20.685     Type '(delay?: number) => { opacity: number; y: number; transition: { delay: number; duration: number; ease: number[]; }; }' is not assignable to type 'Variant'.
11:35:20.686       Type '(delay?: number) => { opacity: number; y: number; transition: { delay: number; duration: number; ease: number[]; }; }' is not assignable to type 'TargetResolver'.
11:35:20.686         Type '{ opacity: number; y: number; transition: { delay: number; duration: number; ease: number[]; }; }' is not assignable to type 'string | TargetAndTransition'.
11:35:20.686           Type '{ opacity: number; y: number; transition: { delay: number; duration: number; ease: number[]; }; }' is not assignable to type 'TargetAndTransition'.
11:35:20.687             Type '{ opacity: number; y: number; transition: { delay: number; duration: number; ease: number[]; }; }' is not assignable to type '{ transition?: Transition<any> | undefined; transitionEnd?: ResolvedValues$1 | undefined; }'.
11:35:20.687               Types of property 'transition' are incompatible.
11:35:20.687                 Type '{ delay: number; duration: number; ease: number[]; }' is not assignable to type 'Transition<any> | undefined'.
11:35:20.688                   Type '{ delay: number; duration: number; ease: number[]; }' is not assignable to type 'TransitionWithValueOverrides<any>'.
11:35:20.688                     Type '{ delay: number; duration: number; ease: number[]; }' is not assignable to type 'ValueAnimationTransition<any>'.
11:35:20.688                       Types of property 'ease' are incompatible.
11:35:20.688                         Type 'number[]' is not assignable to type 'Easing | Easing[] | undefined'.
11:35:20.689                           Type 'number[]' is not assignable to type 'EasingFunction | Easing[]'.
11:35:20.689                             Type 'number[]' is not assignable to type 'Easing[]'.
11:35:20.689                               Type 'number' is not assignable to type 'Easing'.
11:35:20.689 
11:35:20.690 [0m [90m 101 |[39m             {[90m/* Status badge */[39m}
11:35:20.690  [90m 102 |[39m             [33m<[39m[33mmotion[39m[33m.[39mdiv
11:35:20.690 [31m[1m>[22m[39m[90m 103 |[39m               variants[33m=[39m{fadeUp}
11:35:20.690  [90m     |[39m               [31m[1m^[22m[39m
11:35:20.690  [90m 104 |[39m               initial[33m=[39m[32m"hidden"[39m
11:35:20.691  [90m 105 |[39m               animate[33m=[39m[32m"show"[39m
11:35:20.691  [90m 106 |[39m               custom[33m=[39m{[35m0.1[39m}[0m
11:35:20.717 Next.js build worker exited with code: 1 and signal: null
11:35:20.756 Error: Command "npm run build" exited with 1